This file contains any messages produced by compilers while
running configure, to aid debugging if configure makes a mistake.

It was created by cano configure 0.1.0, which was
generated by GNU Autoconf 2.72.  Invocation command line was

  $ ./configure

## --------- ##
## Platform. ##
## --------- ##

hostname = arch
uname -m = x86_64
uname -r = 6.10.6-arch1-1
uname -s = Linux
uname -v = #1 SMP PREEMPT_DYNAMIC Mon, 19 Aug 2024 17:02:39 +0000

/usr/bin/uname -p = unknown
/bin/uname -X     = unknown

/bin/arch              = unknown
/usr/bin/arch -k       = unknown
/usr/convex/getsysinfo = unknown
/usr/bin/hostinfo      = unknown
/bin/machine           = unknown
/usr/bin/oslevel       = unknown
/bin/universe          = unknown

PATH: /home/ic/.opam/default/bin/
PATH: /home/ic/.opam/default/bin/
PATH: /home/ic/.nix-profile/bin/
PATH: /nix/var/nix/profiles/default/bin/
PATH: /home/ic/.nvm/versions/node/v16.13.0/bin/
PATH: /home/ic/.cargo/bin/
PATH: /home/ic/.nix-profile/bin/
PATH: /nix/var/nix/profiles/default/bin/
PATH: /usr/local/bin/
PATH: /usr/bin/
PATH: /bin/
PATH: /usr/local/sbin/
PATH: /opt/android-sdk/cmdline-tools/latest/bin/
PATH: /opt/android-sdk/platform-tools/
PATH: /opt/android-sdk/tools/
PATH: /opt/android-sdk/tools/bin/
PATH: /var/lib/flatpak/exports/bin/
PATH: /usr/lib/jvm/default/bin/
PATH: /usr/bin/site_perl/
PATH: /usr/bin/vendor_perl/
PATH: /usr/bin/core_perl/
PATH: /home/ic/bin/run-jami/
PATH: /opt/flutter/bin/
PATH: /home/ic/.local/bin/
PATH: /home/ic/Projects/Porth/porth/
PATH: /opt/android-sdk/cmdline-tools/latest/bin/
PATH: /opt/android-sdk/platform-tools/
PATH: /opt/android-sdk/tools/
PATH: /opt/android-sdk/tools/bin/
PATH: /home/ic/bin/run-jami/
PATH: /opt/flutter/bin/
PATH: /home/ic/.local/bin/
PATH: /home/ic/Projects/Porth/porth/


## ----------- ##
## Core tests. ##
## ----------- ##

configure:2318: looking for aux files: config.guess config.sub compile missing install-sh
configure:2331:  trying ./
configure:2360:   ./config.guess found
configure:2360:   ./config.sub found
configure:2360:   ./compile found
configure:2360:   ./missing found
configure:2342:   ./install-sh found
configure:2490: checking for a BSD-compatible install
configure:2564: result: /usr/bin/install -c
configure:2575: checking whether sleep supports fractional seconds
configure:2591: result: yes
configure:2594: checking filesystem timestamp resolution
configure:2729: result: 0.01
configure:2734: checking whether build environment is sane
configure:2775: result: yes
configure:2946: checking for a race-free mkdir -p
configure:2989: result: /usr/bin/mkdir -p
configure:2996: checking for gawk
configure:3017: found /usr/bin/gawk
configure:3029: result: gawk
configure:3040: checking whether make sets $(MAKE)
configure:3064: result: yes
configure:3090: checking whether make supports nested variables
configure:3109: result: yes
configure:3123: checking xargs -n works
configure:3139: result: yes
configure:3301: checking for gcc
configure:3322: found /usr/bin/gcc
configure:3334: result: gcc
configure:3693: checking for C compiler version
configure:3702: gcc --version >&5
gcc (GCC) 14.2.1 20240805
Copyright (C) 2024 Free Software Foundation, Inc.
This is free software; see the source for copying conditions.  There is NO
warranty; not even for MERCHANTABILITY or FITNESS FOR A PARTICULAR PURPOSE.

configure:3713: $? = 0
configure:3702: gcc -v >&5
Using built-in specs.
COLLECT_GCC=gcc
COLLECT_LTO_WRAPPER=/usr/lib/gcc/x86_64-pc-linux-gnu/14.2.1/lto-wrapper
Target: x86_64-pc-linux-gnu
Configured with: /build/gcc/src/gcc/configure --enable-languages=ada,c,c++,d,fortran,go,lto,m2,objc,obj-c++,rust --enable-bootstrap --prefix=/usr --libdir=/usr/lib --libexecdir=/usr/lib --mandir=/usr/share/man --infodir=/usr/share/info --with-bugurl=https://gitlab.archlinux.org/archlinux/packaging/packages/gcc/-/issues --with-build-config=bootstrap-lto --with-linker-hash-style=gnu --with-system-zlib --enable-__cxa_atexit --enable-cet=auto --enable-checking=release --enable-clocale=gnu --enable-default-pie --enable-default-ssp --enable-gnu-indirect-function --enable-gnu-unique-object --enable-libstdcxx-backtrace --enable-link-serialization=1 --enable-linker-build-id --enable-lto --enable-multilib --enable-plugin --enable-shared --enable-threads=posix --disable-libssp --disable-libstdcxx-pch --disable-werror
Thread model: posix
Supported LTO compression algorithms: zlib zstd
gcc version 14.2.1 20240805 (GCC) 
configure:3713: $? = 0
configure:3702: gcc -V >&5
gcc: error: unrecognized command-line option '-V'
gcc: fatal error: no input files
compilation terminated.
configure:3713: $? = 1
configure:3702: gcc -qversion >&5
gcc: error: unrecognized command-line option '-qversion'; did you mean '--version'?
gcc: fatal error: no input files
compilation terminated.
configure:3713: $? = 1
configure:3702: gcc -version >&5
gcc: error: unrecognized command-line option '-version'
gcc: fatal error: no input files
compilation terminated.
configure:3713: $? = 1
configure:3733: checking whether the C compiler works
configure:3755: gcc    conftest.c  >&5
configure:3759: $? = 0
configure:3810: result: yes
configure:3814: checking for C compiler default output file name
configure:3816: result: a.out
configure:3822: checking for suffix of executables
configure:3829: gcc -o conftest    conftest.c  >&5
configure:3833: $? = 0
configure:3857: result: 
configure:3881: checking whether we are cross compiling
configure:3889: gcc -o conftest    conftest.c  >&5
configure:3893: $? = 0
configure:3900: ./conftest
configure:3904: $? = 0
configure:3919: result: no
configure:3925: checking for suffix of object files
configure:3948: gcc -c   conftest.c >&5
configure:3952: $? = 0
configure:3976: result: o
configure:3980: checking whether the compiler supports GNU C
configure:4000: gcc -c   conftest.c >&5
configure:4000: $? = 0
configure:4012: result: yes
configure:4023: checking whether gcc accepts -g
configure:4044: gcc -c -g  conftest.c >&5
configure:4044: $? = 0
configure:4091: result: yes
configure:4111: checking for gcc option to enable C11 features
configure:4126: gcc  -c -g -O2  conftest.c >&5
configure:4126: $? = 0
configure:4145: result: none needed
configure:4269: checking whether gcc understands -c and -o together
configure:4292: gcc -c conftest.c -o conftest2.o
configure:4295: $? = 0
configure:4292: gcc -c conftest.c -o conftest2.o
configure:4295: $? = 0
configure:4308: result: yes
configure:4328: checking whether make supports the include directive
configure:4343: make -f confmf.GNU && cat confinc.out
this is the am__doit target
configure:4346: $? = 0
configure:4365: result: yes (GNU style)
configure:4391: checking dependency style of gcc
configure:4504: result: gcc3
configure:4581: checking for pkg-config
configure:4604: found /usr/bin/pkg-config
configure:4617: result: /usr/bin/pkg-config
configure:4642: checking pkg-config is at least version 0.9.0
configure:4645: result: yes
configure:4655: checking for ncurses
configure:4662: $PKG_CONFIG --exists --print-errors "ncurses"
configure:4665: $? = 0
configure:4679: $PKG_CONFIG --exists --print-errors "ncurses"
configure:4682: $? = 0
configure:4720: result: yes
configure:4731: checking for stdio.h
configure:4731: gcc -c -g -O2  conftest.c >&5
configure:4731: $? = 0
configure:4731: result: yes
configure:4731: checking for stdlib.h
configure:4731: gcc -c -g -O2  conftest.c >&5
configure:4731: $? = 0
configure:4731: result: yes
configure:4731: checking for string.h
configure:4731: gcc -c -g -O2  conftest.c >&5
configure:4731: $? = 0
configure:4731: result: yes
configure:4731: checking for inttypes.h
configure:4731: gcc -c -g -O2  conftest.c >&5
configure:4731: $? = 0
configure:4731: result: yes
configure:4731: checking for stdint.h
configure:4731: gcc -c -g -O2  conftest.c >&5
configure:4731: $? = 0
configure:4731: result: yes
configure:4731: checking for strings.h
configure:4731: gcc -c -g -O2  conftest.c >&5
configure:4731: $? = 0
configure:4731: result: yes
configure:4731: checking for sys/stat.h
configure:4731: gcc -c -g -O2  conftest.c >&5
configure:4731: $? = 0
configure:4731: result: yes
configure:4731: checking for sys/types.h
configure:4731: gcc -c -g -O2  conftest.c >&5
configure:4731: $? = 0
configure:4731: result: yes
configure:4731: checking for unistd.h
configure:4731: gcc -c -g -O2  conftest.c >&5
configure:4731: $? = 0
configure:4731: result: yes
configure:4758: checking for locale.h
configure:4758: gcc -c -g -O2  conftest.c >&5
configure:4758: $? = 0
configure:4758: result: yes
configure:4770: checking for _Bool
configure:4770: gcc -c -g -O2  conftest.c >&5
configure:4770: $? = 0
configure:4770: gcc -c -g -O2  conftest.c >&5
conftest.c: In function 'main':
conftest.c:53:20: error: expected expression before ')' token
   53 | if (sizeof ((_Bool)))
      |                    ^
configure:4770: $? = 1
configure: failed program was:
| /* confdefs.h */
| #define PACKAGE_NAME "cano"
| #define PACKAGE_TARNAME "cano"
| #define PACKAGE_VERSION "0.1.0"
| #define PACKAGE_STRING "cano 0.1.0"
| #define PACKAGE_BUGREPORT ""
| #define PACKAGE_URL "https://github.com/CobbCoding1/Cano"
| #define PACKAGE "cano"
| #define VERSION "0.1.0"
| #define HAVE_STDIO_H 1
| #define HAVE_STDLIB_H 1
| #define HAVE_STRING_H 1
| #define HAVE_INTTYPES_H 1
| #define HAVE_STDINT_H 1
| #define HAVE_STRINGS_H 1
| #define HAVE_SYS_STAT_H 1
| #define HAVE_SYS_TYPES_H 1
| #define HAVE_UNISTD_H 1
| #define STDC_HEADERS 1
| #define HAVE_LOCALE_H 1
| /* end confdefs.h.  */
| #include <stddef.h>
| #ifdef HAVE_STDIO_H
| # include <stdio.h>
| #endif
| #ifdef HAVE_STDLIB_H
| # include <stdlib.h>
| #endif
| #ifdef HAVE_STRING_H
| # include <string.h>
| #endif
| #ifdef HAVE_INTTYPES_H
| # include <inttypes.h>
| #endif
| #ifdef HAVE_STDINT_H
| # include <stdint.h>
| #endif
| #ifdef HAVE_STRINGS_H
| # include <strings.h>
| #endif
| #ifdef HAVE_SYS_TYPES_H
| # include <sys/types.h>
| #endif
| #ifdef HAVE_SYS_STAT_H
| # include <sys/stat.h>
| #endif
| #ifdef HAVE_UNISTD_H
| # include <unistd.h>
| #endif
| int
| main (void)
| {
| if (sizeof ((_Bool)))
| 	    return 0;
|   ;
|   return 0;
| }
configure:4770: result: yes
configure:4779: checking for stdbool.h that conforms to C99 or later
configure:4854: gcc -c -g -O2  conftest.c >&5
configure:4854: $? = 0
configure:4864: result: yes
configure:4867: checking for size_t
configure:4867: gcc -c -g -O2  conftest.c >&5
configure:4867: $? = 0
configure:4867: gcc -c -g -O2  conftest.c >&5
conftest.c: In function 'main':
conftest.c:54:21: error: expected expression before ')' token
   54 | if (sizeof ((size_t)))
      |                     ^
configure:4867: $? = 1
configure: failed program was:
| /* confdefs.h */
| #define PACKAGE_NAME "cano"
| #define PACKAGE_TARNAME "cano"
| #define PACKAGE_VERSION "0.1.0"
| #define PACKAGE_STRING "cano 0.1.0"
| #define PACKAGE_BUGREPORT ""
| #define PACKAGE_URL "https://github.com/CobbCoding1/Cano"
| #define PACKAGE "cano"
| #define VERSION "0.1.0"
| #define HAVE_STDIO_H 1
| #define HAVE_STDLIB_H 1
| #define HAVE_STRING_H 1
| #define HAVE_INTTYPES_H 1
| #define HAVE_STDINT_H 1
| #define HAVE_STRINGS_H 1
| #define HAVE_SYS_STAT_H 1
| #define HAVE_SYS_TYPES_H 1
| #define HAVE_UNISTD_H 1
| #define STDC_HEADERS 1
| #define HAVE_LOCALE_H 1
| #define HAVE__BOOL 1
| /* end confdefs.h.  */
| #include <stddef.h>
| #ifdef HAVE_STDIO_H
| # include <stdio.h>
| #endif
| #ifdef HAVE_STDLIB_H
| # include <stdlib.h>
| #endif
| #ifdef HAVE_STRING_H
| # include <string.h>
| #endif
| #ifdef HAVE_INTTYPES_H
| # include <inttypes.h>
| #endif
| #ifdef HAVE_STDINT_H
| # include <stdint.h>
| #endif
| #ifdef HAVE_STRINGS_H
| # include <strings.h>
| #endif
| #ifdef HAVE_SYS_TYPES_H
| # include <sys/types.h>
| #endif
| #ifdef HAVE_SYS_STAT_H
| # include <sys/stat.h>
| #endif
| #ifdef HAVE_UNISTD_H
| # include <unistd.h>
| #endif
| int
| main (void)
| {
| if (sizeof ((size_t)))
| 	    return 0;
|   ;
|   return 0;
| }
configure:4867: result: yes
configure:4885: checking build system type
configure:4901: result: x86_64-pc-linux-gnu
configure:4921: checking host system type
configure:4936: result: x86_64-pc-linux-gnu
configure:4956: checking for GNU libc compatible malloc
configure:4988: gcc -o conftest -g -O2   conftest.c  >&5
configure:4988: $? = 0
configure:4988: ./conftest
configure:4988: $? = 0
configure:5002: result: yes
configure:5025: checking for GNU libc compatible realloc
configure:5057: gcc -o conftest -g -O2   conftest.c  >&5
configure:5057: $? = 0
configure:5057: ./conftest
configure:5057: $? = 0
configure:5071: result: yes
configure:5234: checking that generated files are newer than configure
configure:5240: result: done
configure:5275: creating ./config.status

## ---------------------- ##
## Running config.status. ##
## ---------------------- ##

This file was extended by cano config.status 0.1.0, which was
generated by GNU Autoconf 2.72.  Invocation command line was

  CONFIG_FILES    = 
  CONFIG_HEADERS  = 
  CONFIG_LINKS    = 
  CONFIG_COMMANDS = 
  $ ./config.status 

on arch

config.status:790: creating Makefile
config.status:962: executing depfiles commands
config.status:1039: cd .       && sed -e '/# am--include-marker/d' Makefile         | make -f - am--depfiles
config.status:1044: $? = 0

## ---------------- ##
## Cache variables. ##
## ---------------- ##

ac_cv_build=x86_64-pc-linux-gnu
ac_cv_c_compiler_gnu=yes
ac_cv_env_CC_set=
ac_cv_env_CC_value=
ac_cv_env_CFLAGS_set=
ac_cv_env_CFLAGS_value=
ac_cv_env_CPPFLAGS_set=
ac_cv_env_CPPFLAGS_value=
ac_cv_env_LDFLAGS_set=
ac_cv_env_LDFLAGS_value=
ac_cv_env_LIBS_set=
ac_cv_env_LIBS_value=
ac_cv_env_NCURSES_CFLAGS_set=
ac_cv_env_NCURSES_CFLAGS_value=
ac_cv_env_NCURSES_LIBS_set=
ac_cv_env_NCURSES_LIBS_value=
ac_cv_env_PKG_CONFIG_LIBDIR_set=
ac_cv_env_PKG_CONFIG_LIBDIR_value=
ac_cv_env_PKG_CONFIG_PATH_set=
ac_cv_env_PKG_CONFIG_PATH_value=
ac_cv_env_PKG_CONFIG_set=
ac_cv_env_PKG_CONFIG_value=
ac_cv_env_build_alias_set=
ac_cv_env_build_alias_value=
ac_cv_env_host_alias_set=
ac_cv_env_host_alias_value=
ac_cv_env_target_alias_set=
ac_cv_env_target_alias_value=
ac_cv_func_malloc_0_nonnull=yes
ac_cv_func_realloc_0_nonnull=yes
ac_cv_header_inttypes_h=yes
ac_cv_header_locale_h=yes
ac_cv_header_stdbool_h=yes
ac_cv_header_stdint_h=yes
ac_cv_header_stdio_h=yes
ac_cv_header_stdlib_h=yes
ac_cv_header_string_h=yes
ac_cv_header_strings_h=yes
ac_cv_header_sys_stat_h=yes
ac_cv_header_sys_types_h=yes
ac_cv_header_unistd_h=yes
ac_cv_host=x86_64-pc-linux-gnu
ac_cv_objext=o
ac_cv_path_ac_pt_PKG_CONFIG=/usr/bin/pkg-config
ac_cv_path_install='/usr/bin/install -c'
ac_cv_path_mkdir=/usr/bin/mkdir
ac_cv_prog_AWK=gawk
ac_cv_prog_ac_ct_CC=gcc
ac_cv_prog_cc_c11=
ac_cv_prog_cc_g=yes
ac_cv_prog_cc_stdc=
ac_cv_prog_make_make_set=yes
ac_cv_type__Bool=yes
ac_cv_type_size_t=yes
am_cv_CC_dependencies_compiler_type=gcc3
am_cv_filesystem_timestamp_resolution=0.01
am_cv_make_support_nested_variables=yes
am_cv_prog_cc_c_o=yes
am_cv_sleep_fractional_seconds=yes
am_cv_xargs_n_works=yes
pkg_cv_NCURSES_CFLAGS='-D_DEFAULT_SOURCE -D_XOPEN_SOURCE=600'
pkg_cv_NCURSES_LIBS=-lncursesw

## ----------------- ##
## Output variables. ##
## ----------------- ##

ACLOCAL='${SHELL} '\''/home/ic/Projects/C/cano/missing'\'' aclocal-1.17'
AMDEPBACKSLASH='\'
AMDEP_FALSE='#'
AMDEP_TRUE=''
AMTAR='$${TAR-tar}'
AM_BACKSLASH='\'
AM_DEFAULT_V='$(AM_DEFAULT_VERBOSITY)'
AM_DEFAULT_VERBOSITY='1'
AM_V='$(V)'
AUTOCONF='${SHELL} '\''/home/ic/Projects/C/cano/missing'\'' autoconf'
AUTOHEADER='${SHELL} '\''/home/ic/Projects/C/cano/missing'\'' autoheader'
AUTOMAKE='${SHELL} '\''/home/ic/Projects/C/cano/missing'\'' automake-1.17'
AWK='gawk'
CC='gcc'
CCDEPMODE='depmode=gcc3'
CFLAGS='-g -O2'
CPPFLAGS=''
CSCOPE='cscope'
CTAGS='ctags'
CYGPATH_W='echo'
DEFS='-DPACKAGE_NAME=\"cano\" -DPACKAGE_TARNAME=\"cano\" -DPACKAGE_VERSION=\"0.1.0\" -DPACKAGE_STRING=\"cano\ 0.1.0\" -DPACKAGE_BUGREPORT=\"\" -DPACKAGE_URL=\"https://github.com/CobbCoding1/Cano\" -DPACKAGE=\"cano\" -DVERSION=\"0.1.0\" -DHAVE_STDIO_H=1 -DHAVE_STDLIB_H=1 -DHAVE_STRING_H=1 -DHAVE_INTTYPES_H=1 -DHAVE_STDINT_H=1 -DHAVE_STRINGS_H=1 -DHAVE_SYS_STAT_H=1 -DHAVE_SYS_TYPES_H=1 -DHAVE_UNISTD_H=1 -DSTDC_HEADERS=1 -DHAVE_LOCALE_H=1 -DHAVE__BOOL=1 -DHAVE_MALLOC=1 -DHAVE_REALLOC=1'
DEPDIR='.deps'
ECHO_C=''
ECHO_N='-n'
ECHO_T=''
ETAGS='etags'
EXEEXT=''
INSTALL_DATA='${INSTALL} -m 644'
INSTALL_PROGRAM='${INSTALL}'
INSTALL_SCRIPT='${INSTALL}'
INSTALL_STRIP_PROGRAM='$(install_sh) -c -s'
LDFLAGS=''
LIBOBJS=''
LIBS=''
LTLIBOBJS=''
MAKEINFO='${SHELL} '\''/home/ic/Projects/C/cano/missing'\'' makeinfo'
MKDIR_P='/usr/bin/mkdir -p'
NCURSES_CFLAGS='-D_DEFAULT_SOURCE -D_XOPEN_SOURCE=600'
NCURSES_LIBS='-lncursesw'
OBJEXT='o'
PACKAGE='cano'
PACKAGE_BUGREPORT=''
PACKAGE_NAME='cano'
PACKAGE_STRING='cano 0.1.0'
PACKAGE_TARNAME='cano'
PACKAGE_URL='https://github.com/CobbCoding1/Cano'
PACKAGE_VERSION='0.1.0'
PATH_SEPARATOR=':'
PKG_CONFIG='/usr/bin/pkg-config'
PKG_CONFIG_LIBDIR=''
PKG_CONFIG_PATH=''
SET_MAKE=''
SHELL='/bin/sh'
STRIP=''
VERSION='0.1.0'
ac_ct_CC='gcc'
am__EXEEXT_FALSE=''
am__EXEEXT_TRUE='#'
am__fastdepCC_FALSE='#'
am__fastdepCC_TRUE=''
am__include='include'
am__isrc=''
am__leading_dot='.'
am__nodep='_no'
am__quote=''
am__rm_f_notfound=''
am__tar='$${TAR-tar} chof - "$$tardir"'
am__untar='$${TAR-tar} xf -'
am__xargs_n='xargs -n'
bindir='${exec_prefix}/bin'
build='x86_64-pc-linux-gnu'
build_alias=''
build_cpu='x86_64'
build_os='linux-gnu'
build_vendor='pc'
datadir='${datarootdir}'
datarootdir='${prefix}/share'
docdir='${datarootdir}/doc/${PACKAGE_TARNAME}'
dvidir='${docdir}'
exec_prefix='${prefix}'
host='x86_64-pc-linux-gnu'
host_alias=''
host_cpu='x86_64'
host_os='linux-gnu'
host_vendor='pc'
htmldir='${docdir}'
includedir='${prefix}/include'
infodir='${datarootdir}/info'
install_sh='${SHELL} /home/ic/Projects/C/cano/install-sh'
libdir='${exec_prefix}/lib'
libexecdir='${exec_prefix}/libexec'
localedir='${datarootdir}/locale'
localstatedir='${prefix}/var'
mandir='${datarootdir}/man'
mkdir_p='$(MKDIR_P)'
oldincludedir='/usr/include'
pdfdir='${docdir}'
prefix='/usr/local'
program_transform_name='s,x,x,'
psdir='${docdir}'
runstatedir='${localstatedir}/run'
sbindir='${exec_prefix}/sbin'
sharedstatedir='${prefix}/com'
sysconfdir='${prefix}/etc'
target_alias=''

## ----------- ##
## confdefs.h. ##
## ----------- ##

/* confdefs.h */
#define PACKAGE_NAME "cano"
#define PACKAGE_TARNAME "cano"
#define PACKAGE_VERSION "0.1.0"
#define PACKAGE_STRING "cano 0.1.0"
#define PACKAGE_BUGREPORT ""
#define PACKAGE_URL "https://github.com/CobbCoding1/Cano"
#define PACKAGE "cano"
#define VERSION "0.1.0"
#define HAVE_STDIO_H 1
#define HAVE_STDLIB_H 1
#define HAVE_STRING_H 1
#define HAVE_INTTYPES_H 1
#define HAVE_STDINT_H 1
#define HAVE_STRINGS_H 1
#define HAVE_SYS_STAT_H 1
#define HAVE_SYS_TYPES_H 1
#define HAVE_UNISTD_H 1
#define STDC_HEADERS 1
#define HAVE_LOCALE_H 1
#define HAVE__BOOL 1
#define HAVE_MALLOC 1
#define HAVE_REALLOC 1

configure: exit 0
